Loading required package: readr
Loading required package: ggplot2
Loading required package: igraph

Attaching package: ‘igraph’

The following objects are masked from ‘package:stats’:

    decompose, spectrum

The following object is masked from ‘package:base’:

    union

Loading required package: readxl
Loading required package: reshape2
[1] "0-18"  "19-50" "51-70" "70+"  
pdf 
  2 
Warning message:
Unknown or uninitialised column: `ages_con`. 
        participants
contacts  0-18 19-50 51-70   70+
   0-18  20830  7307  2544   336
   19-50 14687 24781  8182   929
   51-70  3160  5326  4054   522
   70+    1068  1672  1347   417
pdf 
  2 
Error: `path` does not exist: ‘data/cases_Italy.xlsx’
Execution halted
